<?xml version="1.0" encoding="UTF-8"?>
<!-- Generated by org.testng.reporters.JUnitReportReporter -->
<testsuite skipped="1" hostname="iqbal" name="com.iqbal.testScripts.TC_001" tests="2" failures="0" timestamp="29 Mar 2017 03:50:47 GMT" time="1.741" errors="0">
  <testcase name="verifyGetAllLaptopBag" time="1.741" classname="com.iqbal.testScripts.TC_001"/>
  <testcase name="verifyGetMessage" classname="com.iqbal.testScripts.TC_001">
    <skipped/>
  </testcase> <!-- verifyGetMessage -->
</testsuite> <!-- com.iqbal.testScripts.TC_001 -->
