<?xml version="1.0" encoding="UTF-8"?>
<!-- Generated by org.testng.reporters.JUnitReportReporter -->
<testsuite skipped="2" hostname="iqbal" name="com.iqbal.testScripts.TC_001" tests="5" failures="0" timestamp="29 Mar 2017 19:15:22 GMT" time="10.798" errors="0">
  <testcase name="verifyGetById" time="0.000" classname="com.iqbal.testScripts.TC_001">
    <skipped/>
  </testcase> <!-- verifyGetById -->
  <testcase name="verifyAddBag" time="10.442" classname="com.iqbal.testScripts.TC_001"/>
  <testcase name="verifyGetAllLaptopBag" time="0.215" classname="com.iqbal.testScripts.TC_001"/>
  <testcase name="verifyAddBag" time="0.141" classname="com.iqbal.testScripts.TC_001"/>
  <testcase name="verifyGetMessage" classname="com.iqbal.testScripts.TC_001">
    <skipped/>
  </testcase> <!-- verifyGetMessage -->
</testsuite> <!-- com.iqbal.testScripts.TC_001 -->
